<?xml version="1.0" encoding="UTF-8"?>
<testng-results skipped="0" failed="0" ignored="0" total="1" passed="1">
  <reporter-output>
  </reporter-output>
  <suite name="Default suite" duration-ms="2932" started-at="2017-03-20T11:52:16Z" finished-at="2017-03-20T11:52:19Z">
    <groups>
    </groups>
    <test name="Default test" duration-ms="2932" started-at="2017-03-20T11:52:16Z" finished-at="2017-03-20T11:52:19Z">
      <class name="testWebDriver.MainMethod2Test">
        <test-method status="PASS" signature="test1()[pri:0, instance:testWebDriver.MainMethod2Test@458ad742]" name="test1" duration-ms="2914" started-at="2017-03-20T17:22:16Z" finished-at="2017-03-20T17:22:19Z">
          <reporter-output>
          </reporter-output>
        </test-method> <!-- test1 -->
      </class> <!-- testWebDriver.MainMethod2Test -->
    </test> <!-- Default test -->
  </suite> <!-- Default suite -->
</testng-results>
